Build target 'STC32G12K128'
compiling main.c...
User\User_c\main.c(58): error C25: syntax error near 'DG_State'
User\User_c\main.c(58): error C67: 'L_yh_real': undefined identifier
User\User_c\main.c(75): error C25: syntax error near '}'
Target not created.
Build Time Elapsed:  00:00:00
